[dotenv@17.3.1] injecting env (0) from .env -- tip: ⚙️  load multiple .env files with { path: ['.env.local', '.env'] }
[36m[2026-03-04T04:39:22.289Z] [INFO] [Main][0m Starting Colony...
[36m[2026-03-04T04:39:22.292Z] [INFO] [ShortTermMemory][0m ShortTermMemory initialized { windowSize: 50, maxTokens: 4000, compressionThreshold: 0.8 }
[36m[2026-03-04T04:39:22.293Z] [INFO] [Colony][0m Loading Mem0 configuration...
[36m[2026-03-04T04:39:22.300Z] [INFO] [Colony][0m Mem0 long-term memory created (will initialize on first use)
[36m[2026-03-04T04:39:22.304Z] [INFO] [AgentConfig][0m Loaded agent config: architect (架构师)
[36m[2026-03-04T04:39:22.305Z] [INFO] [AgentConfig][0m Loaded agent config: assistant (助手)
[36m[2026-03-04T04:39:22.306Z] [INFO] [AgentConfig][0m Loaded agent config: critic (评审官)
[36m[2026-03-04T04:39:22.307Z] [INFO] [AgentConfig][0m Loaded agent config: developer (开发者)
[36m[2026-03-04T04:39:22.308Z] [INFO] [AgentConfig][0m Loaded agent config: qa-lead (QA负责人)
[36m[2026-03-04T04:39:22.309Z] [INFO] [AgentConfig][0m Loaded agent config: researcher (研究员)
[36m[2026-03-04T04:39:22.309Z] [INFO] [AgentConfig][0m Loaded agent config: strategist (策略师)
[36m[2026-03-04T04:39:22.310Z] [INFO] [AgentConfig][0m Loaded agent config: writer (写手)
[36m[2026-03-04T04:39:22.310Z] [INFO] [AgentRegistry][0m Created agent: architect (架构师)
[36m[2026-03-04T04:39:22.311Z] [INFO] [AgentRegistry][0m Created agent: assistant (助手)
[36m[2026-03-04T04:39:22.311Z] [INFO] [AgentRegistry][0m Created agent: critic (评审官)
[36m[2026-03-04T04:39:22.311Z] [INFO] [AgentRegistry][0m Created agent: developer (开发者)
[36m[2026-03-04T04:39:22.311Z] [INFO] [AgentRegistry][0m Created agent: qa-lead (QA负责人)
[36m[2026-03-04T04:39:22.311Z] [INFO] [AgentRegistry][0m Created agent: researcher (研究员)
[36m[2026-03-04T04:39:22.311Z] [INFO] [AgentRegistry][0m Created agent: strategist (策略师)
[36m[2026-03-04T04:39:22.311Z] [INFO] [AgentRegistry][0m Created agent: writer (写手)
[36m[2026-03-04T04:39:22.311Z] [INFO] [Colony][0m Colony initialized with 8 agents
[36m[2026-03-04T04:39:22.311Z] [INFO] [Colony][0m Initializing Discord integration...
[36m[2026-03-04T04:39:22.328Z] [INFO] [DiscordBridge][0m Discord bridge initialized
[36m[2026-03-04T04:39:22.328Z] [INFO] [DiscordManager][0m Discord manager initialized
[36m[2026-03-04T04:39:22.328Z] [INFO] [Colony][0m Discord integration initialized
[36m[2026-03-04T04:39:22.329Z] [INFO] [ChatRoomManager][0m Restoring 5 saved sessions...
[90m[2026-03-04T04:39:22.341Z] [DEBUG] [MessageBus][0m New subscriber for room 59608dfc-292d-4b8c-9440-5eab01029a30 (total: 1)
[36m[2026-03-04T04:39:22.341Z] [INFO] [ChatRoom][0m ChatRoom created: "会话测试" (59608dfc-292d-4b8c-9440-5eab01029a30)
[36m[2026-03-04T04:39:22.342Z] [INFO] [ChatRoom][0m Agent "架构师" joined room "会话测试"
[36m[2026-03-04T04:39:22.342Z] [INFO] [ChatRoom][0m Default agent for room "会话测试": developer
[36m[2026-03-04T04:39:22.342Z] [INFO] [ChatRoom][0m Agent "开发者" joined room "会话测试"
[36m[2026-03-04T04:39:22.342Z] [INFO] [ChatRoom][0m Agent "QA负责人" joined room "会话测试"
[36m[2026-03-04T04:39:22.343Z] [INFO] [ChatRoom][0m Human "用户" joined room "会话测试"
[36m[2026-03-04T04:39:22.343Z] [INFO] [ChatRoom][0m Human "casu_00297" joined room "会话测试"
[36m[2026-03-04T04:39:22.343Z] [INFO] [ChatRoom][0m Default agent for room "会话测试": developer
[36m[2026-03-04T04:39:22.343Z] [INFO] [ChatRoom][0m Restored 299 messages to room "会话测试"
[36m[2026-03-04T04:39:22.343Z] [INFO] [ChatRoomManager][0m Restored 299 messages for room "会话测试"
[36m[2026-03-04T04:39:22.343Z] [INFO] [ChatRoomManager][0m Room restored: "会话测试" (59608dfc-292d-4b8c-9440-5eab01029a30)
[90m[2026-03-04T04:39:22.344Z] [DEBUG] [MessageBus][0m New subscriber for room 1fb01c5f-7da7-4a71-8e27-898c80bf0f7e (total: 1)
[36m[2026-03-04T04:39:22.344Z] [INFO] [ChatRoom][0m ChatRoom created: "undefined" (1fb01c5f-7da7-4a71-8e27-898c80bf0f7e)
[31m[2026-03-04T04:39:22.344Z] [ERROR] [ChatRoomManager][0m Failed to restore session architect-f11a317b-e53c-43bb-9212-0fa9e5c8aee2: TypeError: roomData.agentIds is not iterable
    at ChatRoomManager.restoreRoom (/Users/casu/Documents/Colony/dist/conversation/ChatRoomManager.js:101:40)
    at process.processTicksAndRejections (node:internal/process/task_queues:104:5)
    at async ChatRoomManager.restoreAllSessions (/Users/casu/Documents/Colony/dist/conversation/ChatRoomManager.js:139:17)
    at async Colony.initialize (/Users/casu/Documents/Colony/dist/Colony.js:136:9)
    at async main (/Users/casu/Documents/Colony/dist/main.js:56:5)
[90m[2026-03-04T04:39:22.345Z] [DEBUG] [MessageBus][0m New subscriber for room b2abb7be-4bf3-406d-ab68-97c8d5625dcc (total: 1)
[36m[2026-03-04T04:39:22.345Z] [INFO] [ChatRoom][0m ChatRoom created: "头脑风暴" (b2abb7be-4bf3-406d-ab68-97c8d5625dcc)
[36m[2026-03-04T04:39:22.346Z] [INFO] [ChatRoom][0m Agent "研究员" joined room "头脑风暴"
[36m[2026-03-04T04:39:22.346Z] [INFO] [ChatRoom][0m Agent "策略师" joined room "头脑风暴"
[36m[2026-03-04T04:39:22.346Z] [INFO] [ChatRoom][0m Agent "评审官" joined room "头脑风暴"
[36m[2026-03-04T04:39:22.346Z] [INFO] [ChatRoom][0m Human "用户" joined room "头脑风暴"
[36m[2026-03-04T04:39:22.346Z] [INFO] [ChatRoom][0m Human "casu_00297" joined room "头脑风暴"
[36m[2026-03-04T04:39:22.346Z] [INFO] [ChatRoom][0m Restored 17 messages to room "头脑风暴"
[36m[2026-03-04T04:39:22.346Z] [INFO] [ChatRoomManager][0m Restored 17 messages for room "头脑风暴"
[36m[2026-03-04T04:39:22.346Z] [INFO] [ChatRoomManager][0m Room restored: "头脑风暴" (b2abb7be-4bf3-406d-ab68-97c8d5625dcc)
[90m[2026-03-04T04:39:22.346Z] [DEBUG] [MessageBus][0m New subscriber for room 3e7e1bdd-8719-4a28-a0a6-84e30828077e (total: 1)
[36m[2026-03-04T04:39:22.346Z] [INFO] [ChatRoom][0m ChatRoom created: "undefined" (3e7e1bdd-8719-4a28-a0a6-84e30828077e)
[31m[2026-03-04T04:39:22.346Z] [ERROR] [ChatRoomManager][0m Failed to restore session developer-f11a317b-e53c-43bb-9212-0fa9e5c8aee2: TypeError: roomData.agentIds is not iterable
    at ChatRoomManager.restoreRoom (/Users/casu/Documents/Colony/dist/conversation/ChatRoomManager.js:101:40)
    at process.processTicksAndRejections (node:internal/process/task_queues:104:5)
    at async ChatRoomManager.restoreAllSessions (/Users/casu/Documents/Colony/dist/conversation/ChatRoomManager.js:139:17)
    at async Colony.initialize (/Users/casu/Documents/Colony/dist/Colony.js:136:9)
    at async main (/Users/casu/Documents/Colony/dist/main.js:56:5)
[90m[2026-03-04T04:39:22.349Z] [DEBUG] [MessageBus][0m New subscriber for room f11a317b-e53c-43bb-9212-0fa9e5c8aee2 (total: 1)
[36m[2026-03-04T04:39:22.349Z] [INFO] [ChatRoom][0m ChatRoom created: "项目自进化" (f11a317b-e53c-43bb-9212-0fa9e5c8aee2)
[36m[2026-03-04T04:39:22.349Z] [INFO] [ChatRoom][0m Agent "架构师" joined room "项目自进化"
[36m[2026-03-04T04:39:22.349Z] [INFO] [ChatRoom][0m Default agent for room "项目自进化": developer
[36m[2026-03-04T04:39:22.349Z] [INFO] [ChatRoom][0m Agent "开发者" joined room "项目自进化"
[36m[2026-03-04T04:39:22.350Z] [INFO] [ChatRoom][0m Agent "QA负责人" joined room "项目自进化"
[36m[2026-03-04T04:39:22.350Z] [INFO] [ChatRoom][0m Human "用户" joined room "项目自进化"
[36m[2026-03-04T04:39:22.350Z] [INFO] [ChatRoom][0m Default agent for room "项目自进化": developer
[36m[2026-03-04T04:39:22.350Z] [INFO] [ChatRoom][0m Restored 42 messages to room "项目自进化"
[36m[2026-03-04T04:39:22.350Z] [INFO] [ChatRoomManager][0m Restored 42 messages for room "项目自进化"
[36m[2026-03-04T04:39:22.350Z] [INFO] [ChatRoomManager][0m Room restored: "项目自进化" (f11a317b-e53c-43bb-9212-0fa9e5c8aee2)
[36m[2026-03-04T04:39:22.350Z] [INFO] [ChatRoomManager][0m Restored 5 sessions
[36m[2026-03-04T04:39:22.350Z] [INFO] [DiscordManager][0m Starting Discord integration...
[36m[2026-03-04T04:39:22.350Z] [INFO] [DiscordBot][0m Starting Discord bot...
[36m[2026-03-04T04:39:23.996Z] [INFO] [DiscordBot][0m Discord bot logged in as Eliza-bot#8690
[36m[2026-03-04T04:39:23.998Z] [INFO] [DiscordManager][0m Discord integration started
[36m[2026-03-04T04:39:24.006Z] [INFO] [Server][0m Serving frontend from /Users/casu/Documents/Colony/web/dist
(node:54242) DeprecationWarning: The ready event has been renamed to clientReady to distinguish it from the gateway READY event and will only emit under that name in v15. Please use clientReady instead.
(Use `node --trace-deprecation ...` to show where the warning was created)
[36m[2026-03-04T04:39:24.011Z] [INFO] [Server][0m Colony server running at http://localhost:3001
[36m[2026-03-04T04:39:24.011Z] [INFO] [Server][0m WebSocket available at ws://localhost:3001
[36m[2026-03-04T04:39:24.011Z] [INFO] [Main][0m Colony is ready.
[36m[2026-03-04T04:39:24.012Z] [INFO] [Main][0m Dashboard: http://localhost:3001
[36m[2026-03-04T04:39:24.012Z] [INFO] [Main][0m API:       http://localhost:3001/api
[36m[2026-03-04T04:39:25.739Z] [INFO] [Server][0m WebSocket client connected (total: 1)
[36m[2026-03-04T04:39:25.753Z] [INFO] [Server][0m WebSocket client connected (total: 2)
